TN:
SF:src/Migrator.sol
FN:103,Migrator.migrateAll
FNDA:4,Migrator.migrateAll
DA:104,3
DA:105,3
BRDA:105,0,0,1
BRDA:105,0,1,2
DA:107,2
DA:108,2
BRDA:108,1,0,1
BRDA:108,1,1,1
DA:110,1
FN:121,Migrator.feedRingV2
FNDA:3,Migrator.feedRingV2
DA:122,1
DA:123,1
FN:135,Migrator.withdraw
FNDA:3,Migrator.withdraw
DA:136,2
DA:137,2
BRDA:137,2,0,1
BRDA:137,2,1,1
DA:139,1
DA:141,1
FN:150,Migrator.pause
FNDA:2,Migrator.pause
DA:151,1
FN:160,Migrator.unpause
FNDA:15,Migrator.unpause
DA:161,14
FN:178,Migrator.migrate
FNDA:9,Migrator.migrate
DA:186,4
FN:200,Migrator._migrate
FNDA:5,Migrator._migrate
DA:201,5
DA:203,5
DA:204,5
DA:205,5
DA:206,5
DA:207,5
DA:209,5
DA:211,5
FNF:7
FNH:7
LF:22
LH:22
BRF:6
BRH:6
end_of_record
